Build started 2014-11-02 23:57:18.
     1>Project "D:\VS Projects\SnakeConsole\SnakeConsole\SnakeConsole.vcxproj" on node 2 (Build target(s)).
     1>ClCompile:
         E:\Microsoft Visual Studio 12.0\VC\bin\CL.exe /c /Zi /nologo /W3 /WX- /sdl /O2 /Oi /Oy- /GL /D WIN32 /D NDEBUG /D _CONSOLE /D _LIB /D _UNICODE /D UNICODE /Gm- /EHsc /MT /GS /Gy /fp:precise /Zc:wchar_t /Zc:forScope /Fo"Release\\" /Fd"Release\vc120.pdb" /Gd /TP /analyze- /errorReport:prompt Game.cpp main.cpp Map.cpp Position.cpp Snake.cpp
         Game.cpp
     1>Game.cpp(81): warning C4244: 'argument' : conversion from 'double' to 'DWORD', possible loss of data
         main.cpp
         Map.cpp
     1>Map.cpp(8): warning C4244: 'argument' : conversion from 'time_t' to 'unsigned int', possible loss of data
         Position.cpp
         Snake.cpp
       Link:
         E:\Microsoft Visual Studio 12.0\VC\bin\link.exe /ERRORREPORT:PROMPT /OUT:"D:\VS Projects\SnakeConsole\Release\SnakeConsole.exe" /INCREMENTAL:NO /NOLOGO kernel32.lib user32.lib gdi32.lib winspool.lib comdlg32.lib advapi32.lib shell32.lib ole32.lib oleaut32.lib uuid.lib odbc32.lib odbccp32.lib /MANIFEST /MANIFESTUAC:"level='asInvoker' uiAccess='false'" /manifest:embed /DEBUG /PDB:"D:\VS Projects\SnakeConsole\Release\SnakeConsole.pdb" /SUBSYSTEM:CONSOLE /OPT:REF /OPT:ICF /LTCG /TLBID:1 /DYNAMICBASE /NXCOMPAT /IMPLIB:"D:\VS Projects\SnakeConsole\Release\SnakeConsole.lib" /MACHINE:X86 /SAFESEH Release\Game.obj
         Release\main.obj
         Release\Map.obj
         Release\Position.obj
         Release\Snake.obj
         Generating code
         Finished generating code
         SnakeConsole.vcxproj -> D:\VS Projects\SnakeConsole\Release\SnakeConsole.exe
     1>Done Building Project "D:\VS Projects\SnakeConsole\SnakeConsole\SnakeConsole.vcxproj" (Build target(s)).

Build succeeded.

Time Elapsed 00:00:03.01
